SF:lib/data/datasources/joke_datasource.dart
DA:18,1
DA:20,1
DA:24,2
DA:25,1
DA:26,1
DA:27,0
DA:29,2
DA:30,1
LF:8
LH:7
end_of_record
SF:lib/data/exceptions/exceptions.dart
DA:12,1
LF:1
LH:1
end_of_record
SF:lib/data/models/joke_model.dart
DA:6,0
DA:7,0
DA:9,0
DA:10,0
DA:11,0
DA:12,0
DA:13,0
DA:14,0
LF:8
LH:0
end_of_record
SF:lib/data/utils/endpoints.dart
DA:5,0
DA:7,0
DA:10,0
DA:13,0
DA:14,0
DA:17,3
DA:18,1
DA:21,1
LF:8
LH:3
end_of_record
SF:lib/data/utils/exception.dart
DA:10,0
DA:12,0
DA:15,0
DA:16,0
DA:17,0
DA:18,0
DA:20,0
DA:21,0
DA:23,0
DA:25,0
DA:27,0
DA:31,0
DA:36,0
LF:13
LH:0
end_of_record
SF:lib/domain/entities/joke_entity.dart
DA:11,0
DA:13,0
DA:14,0
LF:3
LH:0
end_of_record
